<?xml version="1.0" encoding="UTF-8"?>
<!-- Generated by org.testng.reporters.JUnitReportReporter -->
<testsuite skipped="0" hostname="DKD" name="com.ClearTrip_codingRound_Asmit.HotelBookingTest" tests="1" failures="0" timestamp="09 Sep 2018 06:29:28 GMT" time="9.519" errors="0">
  <testcase name="hotelBooking" time="9.519" classname="com.ClearTrip_codingRound_Asmit.HotelBookingTest"/>
</testsuite> <!-- com.ClearTrip_codingRound_Asmit.HotelBookingTest -->
